0.6183 ( 15.2%)  {compile: Meal.o <= Meal.swift}
0.6177 ( 15.2%)  {compile: R.generated.o <= R.generated.swift}
0.6173 ( 15.2%)  {compile: MealViewController.o <= MealViewController.swift}
0.6161 ( 15.2%)  {compile: RatingControl.o <= RatingControl.swift}
0.6101 ( 15.0%)  {compile: MealTableViewController.o <= MealTableViewController.swift}
0.6091 ( 15.0%)  {compile: MealTableViewCell.o <= MealTableViewCell.swift}
0.3239 (  5.3%)  {compile: Bundle+FileResource.o <= Bundle+FileResource.swift}
0.3234 (  5.3%)  {compile: ColorPaletteItemResource+UIKit.o <= ColorPaletteItemResource+UIKit.swift}
0.3232 (  5.3%)  {compile: ColorPaletteItemResource.o <= ColorPaletteItemResource.swift}
0.3199 (  5.2%)  {compile: ColorResource.o <= ColorResource.swift}
0.2576 (  4.2%)  {compile: UICollectionView+ReuseIdentifierProtocol.o <= UICollectionView+ReuseIdentifierProtocol.swift}
0.2566 (  4.2%)  {compile: FileResource.o <= FileResource.swift}
0.2555 (  4.2%)  {compile: UITableView+ReuseIdentifierProtocol.o <= UITableView+ReuseIdentifierProtocol.swift}
0.2553 (  4.2%)  {compile: UIColor+ColorResource.o <= UIColor+ColorResource.swift}
0.2551 (  4.2%)  {compile: UIViewController+NibResource.o <= UIViewController+NibResource.swift}
0.2534 (  4.1%)  {compile: UIViewController+StoryboardSegueIdentifierProtocol.o <= UIViewController+StoryboardSegueIdentifierProtocol.swift}
0.2417 (  5.9%)  {compile: AppDelegate.o <= AppDelegate.swift}
0.2062 (  3.4%)  {compile: Data+FileResource.o <= Data+FileResource.swift}
0.2052 (  3.3%)  {compile: UIImage+ImageResource.o <= UIImage+ImageResource.swift}
0.2049 (  3.3%)  {compile: UINib+NibResource.o <= UINib+NibResource.swift}
0.2037 (  3.3%)  {compile: FontResource.o <= FontResource.swift}
0.2036 (  3.3%)  {compile: UIStoryboard+StoryboardResource.o <= UIStoryboard+StoryboardResource.swift}
0.2029 (  3.3%)  {compile: TypedStoryboardSegueInfo+UIStoryboardSegue.o <= TypedStoryboardSegueInfo+UIStoryboardSegue.swift}
0.2019 (  3.3%)  {compile: Identifier.o <= Identifier.swift}
0.1971 (  3.2%)  {compile: UIFont+FontResource.o <= UIFont+FontResource.swift}
0.1944 (  3.2%)  {compile: UIStoryboard+StoryboardViewControllerResource.o <= UIStoryboard+StoryboardViewControllerResource.swift}
0.1854 (  3.0%)  {compile: NibResource+UIKit.o <= NibResource+UIKit.swift}
0.1625 (  2.7%)  {compile: StoryboardResourceWithInitialController+UIKit.o <= StoryboardResourceWithInitialController+UIKit.swift}
0.1603 (  2.6%)  {compile: StoryboardSegueIdentifierProtocol.o <= StoryboardSegueIdentifierProtocol.swift}
0.1589 (  2.6%)  {compile: StoryboardViewControllerResource.o <= StoryboardViewControllerResource.swift}
0.1414 (  2.3%)  {compile: StringResource.o <= StringResource.swift}
0.1376 (  2.2%)  {compile: StoryboardResource.o <= StoryboardResource.swift}
0.1343 (  2.2%)  {compile: NibResource.o <= NibResource.swift}
0.1335 (  2.2%)  {compile: ReuseIdentifierProtocol.o <= ReuseIdentifierProtocol.swift}
0.1066 (  1.7%)  {compile: ImageResource.o <= ImageResource.swift}
0.0765 (  1.2%)  {compile: Validatable.o <= Validatable.swift}
